<?xml version="1.0" encoding="UTF-8"?>
<testsuite name="bookstoread.BookShelfSpec" tests="1" skipped="0" failures="0" errors="0" timestamp="2020-06-19T16:32:15" hostname="DESKTOP-N491FGV" time="0.016">
  <properties/>
  <testcase name="shelfEmptyWhenNoBookAdded()" classname="bookstoread.BookShelfSpec" time="0.016"/>
  <system-out><![CDATA[]]></system-out>
  <system-err><![CDATA[]]></system-err>
</testsuite>
